Using pre-set license
Built from '2020.3/staging' branch; Version is '2020.3.10f1 (297d780c91bc) revision 2719096'; Using compiler version '192528614'; Build Type 'Release'
OS: 'Windows 10 Pro; OS build 19042.1466; Version 2009; 64bit' Language: 'ja' Physical Memory: 32723 MB
BatchMode: 1, IsHumanControllingUs: 0, StartBugReporterOnCrash: 0, Is64bit: 1, IsPro: 0

 COMMAND LINE ARGUMENTS:
C:\Program Files\Unity2019\Editor\Unity.exe
-adb2
-batchMode
-noUpm
-name
AssetImportWorker1
-projectPath
C:/Users/i496-ZBOX2/Desktop/yuta kanayama/ex_master
-logFile
Logs/AssetImportWorker1.log
-srvPort
55117
Successfully changed project path to: C:/Users/i496-ZBOX2/Desktop/yuta kanayama/ex_master
C:/Users/i496-ZBOX2/Desktop/yuta kanayama/ex_master
Using Asset Import Pipeline V2.
Refreshing native plugins compatible for Editor in 247.66 ms, found 6 plugins.
Preloading 1 native plugins for Editor in 2.95 ms.
Initialize engine version: 2020.3.10f1 (297d780c91bc)
[Subsystems] Discovering subsystems at path C:/Program Files/Unity2019/Editor/Data/Resources/UnitySubsystems
[Subsystems] Discovering subsystems at path C:/Users/i496-ZBOX2/Desktop/yuta kanayama/ex_master/Assets
GfxDevice: creating device client; threaded=0
Direct3D:
    Version:  Direct3D 11.0 [level 11.1]
    Renderer: NVIDIA GeForce GTX 1070 (ID=0x1ba1)
    Vendor:   
    VRAM:     8081 MB
    Driver:   26.21.14.4120
Shader 'Oculus/OVRMRCameraFrameLit': fallback shader 'Alpha-Diffuse' not found
Initialize mono
Mono path[0] = 'C:/Program Files/Unity2019/Editor/Data/Managed'
Mono path[1] = 'C:/Program Files/Unity2019/Editor/Data/MonoBleedingEdge/lib/mono/unityjit'
Mono config path = 'C:/Program Files/Unity2019/Editor/Data/MonoBleedingEdge/etc'
Using monoOptions --debugger-agent=transport=dt_socket,embedding=1,server=y,suspend=n,address=127.0.0.1:56324
Begin MonoManager ReloadAssembly
Registering precompiled unity dll's ...
Register platform support module: C:/Program Files/Unity2019/Editor/Data/PlaybackEngines/WebGLSupport/UnityEditor.WebGL.Extensions.dll
Register platform support module: C:/Program Files/Unity2019/Editor/Data/PlaybackEngines/WindowsStandaloneSupport/UnityEditor.WindowsStandalone.Extensions.dll
Registered in 0.004381 seconds.
Native extension for WindowsStandalone target not found
Native extension for WebGL target not found
Refreshing native plugins compatible for Editor in 79.29 ms, found 6 plugins.
Preloading 1 native plugins for Editor in 0.10 ms.
Mono: successfully reloaded assembly
- Completed reload, in  2.196 seconds
Platform modules already initialized, skipping
Registering precompiled user dll's ...
Registered in 0.009825 seconds.
Begin MonoManager ReloadAssembly
Native extension for WindowsStandalone target not found
Native extension for WebGL target not found
Refreshing native plugins compatible for Editor in 1.71 ms, found 6 plugins.
Preloading 1 native plugins for Editor in 0.12 ms.
[XR] OculusXRPlugin: registering subsystems
[XR] Unable to register display lifecyle provider: [1]
[XR] Oculus Input lifecycle provider registered.
[XR] Unable to register input lifecyle provider: [1]
[XR] OVRP version 1.61.0
Mono: successfully reloaded assembly
- Completed reload, in  1.949 seconds
Platform modules already initialized, skipping
========================================================================
Worker process is ready to serve import requests
Shader 'Oculus/OVRMRCameraFrameLit': fallback shader 'Alpha-Diffuse' not found
Launched and connected shader compiler UnityShaderCompiler.exe after 0.11 seconds
Refreshing native plugins compatible for Editor in 1.27 ms, found 6 plugins.
Preloading 1 native plugins for Editor in 0.13 ms.
Unloading 2340 Unused Serialized files (Serialized files now loaded: 0)
System memory in use before: 131.9 MB.
System memory in use after: 132.0 MB.

Unloading 46 unused Assets to reduce memory usage. Loaded Objects now: 2784.
Total: 3.819400 ms (FindLiveObjects: 0.378000 ms CreateObjectMapping: 0.267200 ms MarkObjects: 3.014500 ms  DeleteObjects: 0.158000 ms)

========================================================================
Received Import Request.
  path: Assets/script/event_control.cs
  artifactKey: Guid(b59de7bfc4257f740abea9e94bea9038) Importer(815301076,1909f56bfc062723c751e8b465ee728b)
Start importing Assets/script/event_control.cs using Guid(b59de7bfc4257f740abea9e94bea9038) Importer(815301076,1909f56bfc062723c751e8b465ee728b)  -> (artifact id: '4de31dcfb18d67e49a7fb972ed1b640b') in 0.062041 seconds
  Import took 0.067764 seconds .

========================================================================
Received Prepare
Shader 'Oculus/OVRMRCameraFrameLit': fallback shader 'Alpha-Diffuse' not found
Refreshing native plugins compatible for Editor in 14.09 ms, found 6 plugins.
Preloading 1 native plugins for Editor in 0.07 ms.
Unloading 38 Unused Serialized files (Serialized files now loaded: 0)
System memory in use before: 77.3 MB.
System memory in use after: 77.5 MB.

Unloading 38 unused Assets to reduce memory usage. Loaded Objects now: 2784.
Total: 2.560600 ms (FindLiveObjects: 0.324300 ms CreateObjectMapping: 0.138000 ms MarkObjects: 1.995800 ms  DeleteObjects: 0.101300 ms)

========================================================================
Received Import Request.
  Time since last request: 61.802121 seconds.
  path: Assets/script/calc_speed.cs
  artifactKey: Guid(5431243196bac724a8e1580b5eddc726) Importer(815301076,1909f56bfc062723c751e8b465ee728b)
Start importing Assets/script/calc_speed.cs using Guid(5431243196bac724a8e1580b5eddc726) Importer(815301076,1909f56bfc062723c751e8b465ee728b)  -> (artifact id: '82fcece58c375359043f253d57d45bff') in 0.007434 seconds
  Import took 0.012159 seconds .

========================================================================
Received Import Request.
  Time since last request: 0.002043 seconds.
  path: Assets/script/calc_speed.cs
  artifactKey: Guid(5431243196bac724a8e1580b5eddc726) Importer(815301076,1909f56bfc062723c751e8b465ee728b)
Start importing Assets/script/calc_speed.cs using Guid(5431243196bac724a8e1580b5eddc726) Importer(815301076,1909f56bfc062723c751e8b465ee728b)  -> (artifact id: '82fcece58c375359043f253d57d45bff') in 0.002903 seconds
  Import took 0.007694 seconds .

========================================================================
Received Import Request.
  Time since last request: 215.908656 seconds.
  path: Assets/script/calc_speed.cs
  artifactKey: Guid(5431243196bac724a8e1580b5eddc726) Importer(815301076,1909f56bfc062723c751e8b465ee728b)
Start importing Assets/script/calc_speed.cs using Guid(5431243196bac724a8e1580b5eddc726) Importer(815301076,1909f56bfc062723c751e8b465ee728b)  -> (artifact id: '738081752a1ee601bb58fd4fb82e57a9') in 0.005497 seconds
  Import took 0.012500 seconds .

========================================================================
Received Prepare
Registering precompiled user dll's ...
Registered in 0.007959 seconds.
Begin MonoManager ReloadAssembly
Native extension for WindowsStandalone target not found
Native extension for WebGL target not found
Refreshing native plugins compatible for Editor in 0.81 ms, found 6 plugins.
Preloading 1 native plugins for Editor in 0.08 ms.
Mono: successfully reloaded assembly
- Completed reload, in  1.184 seconds
Platform modules already initialized, skipping
Shader 'Oculus/OVRMRCameraFrameLit': fallback shader 'Alpha-Diffuse' not found
Refreshing native plugins compatible for Editor in 0.85 ms, found 6 plugins.
Preloading 1 native plugins for Editor in 0.07 ms.
Unloading 2211 Unused Serialized files (Serialized files now loaded: 0)
System memory in use before: 122.6 MB.
System memory in use after: 122.8 MB.

Unloading 41 unused Assets to reduce memory usage. Loaded Objects now: 2788.
Total: 2.350800 ms (FindLiveObjects: 0.250700 ms CreateObjectMapping: 0.107900 ms MarkObjects: 1.891700 ms  DeleteObjects: 0.099600 ms)

========================================================================
Received Prepare
Registering precompiled user dll's ...
Registered in 0.009702 seconds.
Begin MonoManager ReloadAssembly
Native extension for WindowsStandalone target not found
Native extension for WebGL target not found
Refreshing native plugins compatible for Editor in 0.80 ms, found 6 plugins.
Preloading 1 native plugins for Editor in 0.09 ms.
Mono: successfully reloaded assembly
- Completed reload, in  1.283 seconds
Platform modules already initialized, skipping
Shader 'Oculus/OVRMRCameraFrameLit': fallback shader 'Alpha-Diffuse' not found
Refreshing native plugins compatible for Editor in 0.80 ms, found 6 plugins.
Preloading 1 native plugins for Editor in 0.07 ms.
Unloading 2211 Unused Serialized files (Serialized files now loaded: 0)
System memory in use before: 122.5 MB.
System memory in use after: 122.7 MB.

Unloading 41 unused Assets to reduce memory usage. Loaded Objects now: 2792.
Total: 2.431100 ms (FindLiveObjects: 0.241800 ms CreateObjectMapping: 0.120500 ms MarkObjects: 1.928700 ms  DeleteObjects: 0.138700 ms)

========================================================================
Received Prepare
Registering precompiled user dll's ...
Registered in 0.008082 seconds.
Begin MonoManager ReloadAssembly
Native extension for WindowsStandalone target not found
Native extension for WebGL target not found
Refreshing native plugins compatible for Editor in 0.87 ms, found 6 plugins.
Preloading 1 native plugins for Editor in 0.09 ms.
Mono: successfully reloaded assembly
- Completed reload, in  1.150 seconds
Platform modules already initialized, skipping
Shader 'Oculus/OVRMRCameraFrameLit': fallback shader 'Alpha-Diffuse' not found
Refreshing native plugins compatible for Editor in 0.79 ms, found 6 plugins.
Preloading 1 native plugins for Editor in 0.08 ms.
Unloading 2211 Unused Serialized files (Serialized files now loaded: 0)
System memory in use before: 122.5 MB.
System memory in use after: 122.7 MB.

Unloading 41 unused Assets to reduce memory usage. Loaded Objects now: 2796.
Total: 2.246500 ms (FindLiveObjects: 0.233800 ms CreateObjectMapping: 0.094600 ms MarkObjects: 1.820100 ms  DeleteObjects: 0.097100 ms)

========================================================================
Received Import Request.
  Time since last request: 486.432461 seconds.
  path: Assets/script/sight_reset.cs
  artifactKey: Guid(1e599036f00b71e42949f5d537288ee6) Importer(815301076,1909f56bfc062723c751e8b465ee728b)
Start importing Assets/script/sight_reset.cs using Guid(1e599036f00b71e42949f5d537288ee6) Importer(815301076,1909f56bfc062723c751e8b465ee728b)  -> (artifact id: 'b93b56070221a6bf09408b84fd489ac6') in 0.010568 seconds
  Import took 0.016182 seconds .

========================================================================
Received Prepare
Registering precompiled user dll's ...
Registered in 0.008056 seconds.
Begin MonoManager ReloadAssembly
Native extension for WindowsStandalone target not found
Native extension for WebGL target not found
Refreshing native plugins compatible for Editor in 0.80 ms, found 6 plugins.
Preloading 1 native plugins for Editor in 0.11 ms.
Mono: successfully reloaded assembly
- Completed reload, in  1.169 seconds
Platform modules already initialized, skipping
Shader 'Oculus/OVRMRCameraFrameLit': fallback shader 'Alpha-Diffuse' not found
Refreshing native plugins compatible for Editor in 0.79 ms, found 6 plugins.
Preloading 1 native plugins for Editor in 0.07 ms.
Unloading 2211 Unused Serialized files (Serialized files now loaded: 0)
System memory in use before: 122.5 MB.
System memory in use after: 122.7 MB.

Unloading 41 unused Assets to reduce memory usage. Loaded Objects now: 2800.
Total: 2.509200 ms (FindLiveObjects: 0.297100 ms CreateObjectMapping: 0.129300 ms MarkObjects: 1.975800 ms  DeleteObjects: 0.105900 ms)

========================================================================
Received Prepare
Registering precompiled user dll's ...
Registered in 0.008865 seconds.
Begin MonoManager ReloadAssembly
Native extension for WindowsStandalone target not found
Native extension for WebGL target not found
Refreshing native plugins compatible for Editor in 0.80 ms, found 6 plugins.
Preloading 1 native plugins for Editor in 0.07 ms.
Mono: successfully reloaded assembly
- Completed reload, in  1.082 seconds
Platform modules already initialized, skipping
Shader 'Oculus/OVRMRCameraFrameLit': fallback shader 'Alpha-Diffuse' not found
Refreshing native plugins compatible for Editor in 0.79 ms, found 6 plugins.
Preloading 1 native plugins for Editor in 0.08 ms.
Unloading 2210 Unused Serialized files (Serialized files now loaded: 0)
System memory in use before: 122.4 MB.
System memory in use after: 122.6 MB.

Unloading 42 unused Assets to reduce memory usage. Loaded Objects now: 2803.
Total: 2.349200 ms (FindLiveObjects: 0.239800 ms CreateObjectMapping: 0.115300 ms MarkObjects: 1.893100 ms  DeleteObjects: 0.100100 ms)

========================================================================
Received Prepare
Registering precompiled user dll's ...
Registered in 0.009551 seconds.
Begin MonoManager ReloadAssembly
Native extension for WindowsStandalone target not found
Native extension for WebGL target not found
Refreshing native plugins compatible for Editor in 0.98 ms, found 6 plugins.
Preloading 1 native plugins for Editor in 0.12 ms.
Mono: successfully reloaded assembly
- Completed reload, in  1.212 seconds
Platform modules already initialized, skipping
Shader 'Oculus/OVRMRCameraFrameLit': fallback shader 'Alpha-Diffuse' not found
Refreshing native plugins compatible for Editor in 0.91 ms, found 6 plugins.
Preloading 1 native plugins for Editor in 0.08 ms.
Unloading 2210 Unused Serialized files (Serialized files now loaded: 0)
System memory in use before: 122.5 MB.
System memory in use after: 122.7 MB.

Unloading 41 unused Assets to reduce memory usage. Loaded Objects now: 2807.
Total: 3.059700 ms (FindLiveObjects: 0.361300 ms CreateObjectMapping: 0.154500 ms MarkObjects: 2.413500 ms  DeleteObjects: 0.128900 ms)

========================================================================
Received Prepare
Registering precompiled user dll's ...
Registered in 0.008113 seconds.
Begin MonoManager ReloadAssembly
Native extension for WindowsStandalone target not found
Native extension for WebGL target not found
Refreshing native plugins compatible for Editor in 0.96 ms, found 6 plugins.
Preloading 1 native plugins for Editor in 0.10 ms.
Mono: successfully reloaded assembly
- Completed reload, in  1.189 seconds
Platform modules already initialized, skipping
Shader 'Oculus/OVRMRCameraFrameLit': fallback shader 'Alpha-Diffuse' not found
Refreshing native plugins compatible for Editor in 1.38 ms, found 6 plugins.
Preloading 1 native plugins for Editor in 0.10 ms.
Unloading 2210 Unused Serialized files (Serialized files now loaded: 0)
System memory in use before: 122.5 MB.
System memory in use after: 122.7 MB.

Unloading 41 unused Assets to reduce memory usage. Loaded Objects now: 2811.
Total: 3.431600 ms (FindLiveObjects: 0.294900 ms CreateObjectMapping: 0.127600 ms MarkObjects: 2.866100 ms  DeleteObjects: 0.141600 ms)

========================================================================
Received Prepare
Registering precompiled user dll's ...
Registered in 0.015496 seconds.
Begin MonoManager ReloadAssembly
Native extension for WindowsStandalone target not found
Native extension for WebGL target not found
Refreshing native plugins compatible for Editor in 0.87 ms, found 6 plugins.
Preloading 1 native plugins for Editor in 0.09 ms.
Mono: successfully reloaded assembly
- Completed reload, in  1.230 seconds
Platform modules already initialized, skipping
Shader 'Oculus/OVRMRCameraFrameLit': fallback shader 'Alpha-Diffuse' not found
Refreshing native plugins compatible for Editor in 0.90 ms, found 6 plugins.
Preloading 1 native plugins for Editor in 0.08 ms.
Unloading 2210 Unused Serialized files (Serialized files now loaded: 0)
System memory in use before: 122.5 MB.
System memory in use after: 122.7 MB.

Unloading 41 unused Assets to reduce memory usage. Loaded Objects now: 2815.
Total: 3.782900 ms (FindLiveObjects: 0.339700 ms CreateObjectMapping: 0.164400 ms MarkObjects: 3.080200 ms  DeleteObjects: 0.196900 ms)

========================================================================
Received Prepare
Registering precompiled user dll's ...
Registered in 0.012009 seconds.
Begin MonoManager ReloadAssembly
Native extension for WindowsStandalone target not found
Native extension for WebGL target not found
Refreshing native plugins compatible for Editor in 0.89 ms, found 6 plugins.
Preloading 1 native plugins for Editor in 0.07 ms.
Mono: successfully reloaded assembly
- Completed reload, in  1.109 seconds
Platform modules already initialized, skipping
Shader 'Oculus/OVRMRCameraFrameLit': fallback shader 'Alpha-Diffuse' not found
Refreshing native plugins compatible for Editor in 0.88 ms, found 6 plugins.
Preloading 1 native plugins for Editor in 0.07 ms.
Unloading 2210 Unused Serialized files (Serialized files now loaded: 0)
System memory in use before: 122.5 MB.
System memory in use after: 122.7 MB.

Unloading 41 unused Assets to reduce memory usage. Loaded Objects now: 2819.
Total: 2.478700 ms (FindLiveObjects: 0.263500 ms CreateObjectMapping: 0.108500 ms MarkObjects: 1.995400 ms  DeleteObjects: 0.110000 ms)

========================================================================
Received Prepare
Registering precompiled user dll's ...
Registered in 0.010772 seconds.
Begin MonoManager ReloadAssembly
Native extension for WindowsStandalone target not found
Native extension for WebGL target not found
Refreshing native plugins compatible for Editor in 0.80 ms, found 6 plugins.
Preloading 1 native plugins for Editor in 0.07 ms.
Mono: successfully reloaded assembly
- Completed reload, in  1.121 seconds
Platform modules already initialized, skipping
Shader 'Oculus/OVRMRCameraFrameLit': fallback shader 'Alpha-Diffuse' not found
Refreshing native plugins compatible for Editor in 0.90 ms, found 6 plugins.
Preloading 1 native plugins for Editor in 0.07 ms.
Unloading 2210 Unused Serialized files (Serialized files now loaded: 0)
System memory in use before: 122.4 MB.
System memory in use after: 122.6 MB.

Unloading 41 unused Assets to reduce memory usage. Loaded Objects now: 2823.
Total: 2.627500 ms (FindLiveObjects: 0.353200 ms CreateObjectMapping: 0.192900 ms MarkObjects: 1.977400 ms  DeleteObjects: 0.103000 ms)

========================================================================
Received Prepare
Registering precompiled user dll's ...
Registered in 0.011167 seconds.
Begin MonoManager ReloadAssembly
Native extension for WindowsStandalone target not found
Native extension for WebGL target not found
Refreshing native plugins compatible for Editor in 0.83 ms, found 6 plugins.
Preloading 1 native plugins for Editor in 0.08 ms.
Mono: successfully reloaded assembly
- Completed reload, in  1.211 seconds
Platform modules already initialized, skipping
Shader 'Oculus/OVRMRCameraFrameLit': fallback shader 'Alpha-Diffuse' not found
Refreshing native plugins compatible for Editor in 0.80 ms, found 6 plugins.
Preloading 1 native plugins for Editor in 0.07 ms.
Unloading 2210 Unused Serialized files (Serialized files now loaded: 0)
System memory in use before: 122.5 MB.
System memory in use after: 122.7 MB.

Unloading 41 unused Assets to reduce memory usage. Loaded Objects now: 2827.
Total: 2.689300 ms (FindLiveObjects: 0.250500 ms CreateObjectMapping: 0.125000 ms MarkObjects: 2.194800 ms  DeleteObjects: 0.117800 ms)

========================================================================
Received Prepare
Registering precompiled user dll's ...
Registered in 0.011026 seconds.
Begin MonoManager ReloadAssembly
Native extension for WindowsStandalone target not found
Native extension for WebGL target not found
Refreshing native plugins compatible for Editor in 0.87 ms, found 6 plugins.
Preloading 1 native plugins for Editor in 0.09 ms.
Mono: successfully reloaded assembly
- Completed reload, in  1.286 seconds
Platform modules already initialized, skipping
Shader 'Oculus/OVRMRCameraFrameLit': fallback shader 'Alpha-Diffuse' not found
Refreshing native plugins compatible for Editor in 0.95 ms, found 6 plugins.
Preloading 1 native plugins for Editor in 0.08 ms.
Unloading 2210 Unused Serialized files (Serialized files now loaded: 0)
System memory in use before: 122.6 MB.
System memory in use after: 122.7 MB.

Unloading 41 unused Assets to reduce memory usage. Loaded Objects now: 2831.
Total: 2.584300 ms (FindLiveObjects: 0.313000 ms CreateObjectMapping: 0.142500 ms MarkObjects: 2.020000 ms  DeleteObjects: 0.107800 ms)

========================================================================
Received Import Request.
  Time since last request: 2431.432585 seconds.
  path: Assets/script/data_util.cs
  artifactKey: Guid(8a675829571ca38438f92078cb0cced5) Importer(815301076,1909f56bfc062723c751e8b465ee728b)
Start importing Assets/script/data_util.cs using Guid(8a675829571ca38438f92078cb0cced5) Importer(815301076,1909f56bfc062723c751e8b465ee728b)  -> (artifact id: 'bd7de0e40838254c1f510f4da82b7e69') in 0.009848 seconds
  Import took 0.014605 seconds .

========================================================================
Received Import Request.
  Time since last request: 0.024611 seconds.
  path: Assets/script/data_util.cs
  artifactKey: Guid(8a675829571ca38438f92078cb0cced5) Importer(815301076,1909f56bfc062723c751e8b465ee728b)
Start importing Assets/script/data_util.cs using Guid(8a675829571ca38438f92078cb0cced5) Importer(815301076,1909f56bfc062723c751e8b465ee728b)  -> (artifact id: 'bd7de0e40838254c1f510f4da82b7e69') in 0.002970 seconds
  Import took 0.007202 seconds .

========================================================================
Received Import Request.
  Time since last request: 200.475581 seconds.
  path: Assets/script/data_util.cs
  artifactKey: Guid(8a675829571ca38438f92078cb0cced5) Importer(815301076,1909f56bfc062723c751e8b465ee728b)
Start importing Assets/script/data_util.cs using Guid(8a675829571ca38438f92078cb0cced5) Importer(815301076,1909f56bfc062723c751e8b465ee728b)  -> (artifact id: 'd1cec228cd57296a96d41312940bbc9f') in 0.006224 seconds
  Import took 0.011314 seconds .

========================================================================
Received Import Request.
  Time since last request: 39.378907 seconds.
  path: Assets/script/data_util.cs
  artifactKey: Guid(8a675829571ca38438f92078cb0cced5) Importer(815301076,1909f56bfc062723c751e8b465ee728b)
Start importing Assets/script/data_util.cs using Guid(8a675829571ca38438f92078cb0cced5) Importer(815301076,1909f56bfc062723c751e8b465ee728b)  -> (artifact id: '837ccb99bbf95bfbe9f4aa60256366bc') in 0.002928 seconds
  Import took 0.007090 seconds .

========================================================================
Received Prepare
Registering precompiled user dll's ...
Registered in 0.010488 seconds.
Begin MonoManager ReloadAssembly
Native extension for WindowsStandalone target not found
Native extension for WebGL target not found
Refreshing native plugins compatible for Editor in 0.80 ms, found 6 plugins.
Preloading 1 native plugins for Editor in 0.08 ms.
Mono: successfully reloaded assembly
- Completed reload, in  1.118 seconds
Platform modules already initialized, skipping
Shader 'Oculus/OVRMRCameraFrameLit': fallback shader 'Alpha-Diffuse' not found
Refreshing native plugins compatible for Editor in 0.91 ms, found 6 plugins.
Preloading 1 native plugins for Editor in 0.08 ms.
Unloading 2210 Unused Serialized files (Serialized files now loaded: 0)
System memory in use before: 122.6 MB.
System memory in use after: 122.7 MB.

Unloading 41 unused Assets to reduce memory usage. Loaded Objects now: 2835.
Total: 4.046300 ms (FindLiveObjects: 0.465100 ms CreateObjectMapping: 0.224200 ms MarkObjects: 3.188000 ms  DeleteObjects: 0.167000 ms)

========================================================================
Received Prepare
Registering precompiled user dll's ...
Registered in 0.009644 seconds.
Begin MonoManager ReloadAssembly
Native extension for WindowsStandalone target not found
Native extension for WebGL target not found
Refreshing native plugins compatible for Editor in 0.82 ms, found 6 plugins.
Preloading 1 native plugins for Editor in 0.10 ms.
Mono: successfully reloaded assembly
- Completed reload, in  1.146 seconds
Platform modules already initialized, skipping
Shader 'Oculus/OVRMRCameraFrameLit': fallback shader 'Alpha-Diffuse' not found
Refreshing native plugins compatible for Editor in 0.79 ms, found 6 plugins.
Preloading 1 native plugins for Editor in 0.07 ms.
Unloading 2210 Unused Serialized files (Serialized files now loaded: 0)
System memory in use before: 123.3 MB.
System memory in use after: 123.5 MB.

Unloading 41 unused Assets to reduce memory usage. Loaded Objects now: 2839.
Total: 2.354900 ms (FindLiveObjects: 0.254200 ms CreateObjectMapping: 0.109300 ms MarkObjects: 1.890400 ms  DeleteObjects: 0.100000 ms)

========================================================================
Received Prepare
Registering precompiled user dll's ...
Registered in 0.011261 seconds.
Begin MonoManager ReloadAssembly
Native extension for WindowsStandalone target not found
Native extension for WebGL target not found
Refreshing native plugins compatible for Editor in 0.87 ms, found 6 plugins.
Preloading 1 native plugins for Editor in 0.11 ms.
Mono: successfully reloaded assembly
- Completed reload, in  1.173 seconds
Platform modules already initialized, skipping
Shader 'Oculus/OVRMRCameraFrameLit': fallback shader 'Alpha-Diffuse' not found
Refreshing native plugins compatible for Editor in 0.79 ms, found 6 plugins.
Preloading 1 native plugins for Editor in 0.07 ms.
Unloading 2210 Unused Serialized files (Serialized files now loaded: 0)
System memory in use before: 123.2 MB.
System memory in use after: 123.4 MB.

Unloading 41 unused Assets to reduce memory usage. Loaded Objects now: 2843.
Total: 2.399000 ms (FindLiveObjects: 0.250500 ms CreateObjectMapping: 0.162900 ms MarkObjects: 1.884500 ms  DeleteObjects: 0.100300 ms)

========================================================================
Received Prepare
Registering precompiled user dll's ...
Registered in 0.008419 seconds.
Begin MonoManager ReloadAssembly
Native extension for WindowsStandalone target not found
Native extension for WebGL target not found
Refreshing native plugins compatible for Editor in 0.81 ms, found 6 plugins.
Preloading 1 native plugins for Editor in 0.08 ms.
Mono: successfully reloaded assembly
- Completed reload, in  1.186 seconds
Platform modules already initialized, skipping
Shader 'Oculus/OVRMRCameraFrameLit': fallback shader 'Alpha-Diffuse' not found
Refreshing native plugins compatible for Editor in 0.82 ms, found 6 plugins.
Preloading 1 native plugins for Editor in 0.07 ms.
Unloading 2210 Unused Serialized files (Serialized files now loaded: 0)
System memory in use before: 123.3 MB.
System memory in use after: 123.5 MB.

Unloading 41 unused Assets to reduce memory usage. Loaded Objects now: 2847.
Total: 2.541400 ms (FindLiveObjects: 0.274100 ms CreateObjectMapping: 0.122200 ms MarkObjects: 2.034700 ms  DeleteObjects: 0.109300 ms)

========================================================================
Received Prepare
Registering precompiled user dll's ...
Registered in 0.011208 seconds.
Begin MonoManager ReloadAssembly
Native extension for WindowsStandalone target not found
Native extension for WebGL target not found
Refreshing native plugins compatible for Editor in 1.00 ms, found 6 plugins.
Preloading 1 native plugins for Editor in 0.10 ms.
Mono: successfully reloaded assembly
- Completed reload, in  1.264 seconds
Platform modules already initialized, skipping
Shader 'Oculus/OVRMRCameraFrameLit': fallback shader 'Alpha-Diffuse' not found
Refreshing native plugins compatible for Editor in 0.79 ms, found 6 plugins.
Preloading 1 native plugins for Editor in 0.07 ms.
Unloading 2210 Unused Serialized files (Serialized files now loaded: 0)
System memory in use before: 123.4 MB.
System memory in use after: 123.5 MB.

Unloading 41 unused Assets to reduce memory usage. Loaded Objects now: 2851.
Total: 2.403900 ms (FindLiveObjects: 0.251200 ms CreateObjectMapping: 0.115200 ms MarkObjects: 1.941400 ms  DeleteObjects: 0.095100 ms)

========================================================================
Received Prepare
Registering precompiled user dll's ...
Registered in 0.008089 seconds.
Begin MonoManager ReloadAssembly
Native extension for WindowsStandalone target not found
Native extension for WebGL target not found
Refreshing native plugins compatible for Editor in 0.96 ms, found 6 plugins.
Preloading 1 native plugins for Editor in 0.10 ms.
Mono: successfully reloaded assembly
- Completed reload, in  1.262 seconds
Platform modules already initialized, skipping
Shader 'Oculus/OVRMRCameraFrameLit': fallback shader 'Alpha-Diffuse' not found
Refreshing native plugins compatible for Editor in 1.25 ms, found 6 plugins.
Preloading 1 native plugins for Editor in 0.09 ms.
Unloading 2210 Unused Serialized files (Serialized files now loaded: 0)
System memory in use before: 123.4 MB.
System memory in use after: 123.6 MB.

Unloading 41 unused Assets to reduce memory usage. Loaded Objects now: 2855.
Total: 3.630800 ms (FindLiveObjects: 0.317500 ms CreateObjectMapping: 0.251200 ms MarkObjects: 2.891400 ms  DeleteObjects: 0.169000 ms)

========================================================================
Received Prepare
Registering precompiled user dll's ...
Registered in 0.013722 seconds.
Begin MonoManager ReloadAssembly
Native extension for WindowsStandalone target not found
Native extension for WebGL target not found
Refreshing native plugins compatible for Editor in 0.83 ms, found 6 plugins.
Preloading 1 native plugins for Editor in 0.10 ms.
Mono: successfully reloaded assembly
- Completed reload, in  1.501 seconds
Platform modules already initialized, skipping
Shader 'Oculus/OVRMRCameraFrameLit': fallback shader 'Alpha-Diffuse' not found
Refreshing native plugins compatible for Editor in 1.04 ms, found 6 plugins.
Preloading 1 native plugins for Editor in 0.09 ms.
Unloading 2210 Unused Serialized files (Serialized files now loaded: 0)
System memory in use before: 122.6 MB.
System memory in use after: 122.8 MB.

Unloading 41 unused Assets to reduce memory usage. Loaded Objects now: 2859.
Total: 2.861300 ms (FindLiveObjects: 0.285100 ms CreateObjectMapping: 0.157700 ms MarkObjects: 2.307700 ms  DeleteObjects: 0.109300 ms)

========================================================================
Received Prepare
Registering precompiled user dll's ...
Registered in 0.010736 seconds.
Begin MonoManager ReloadAssembly
Native extension for WindowsStandalone target not found
Native extension for WebGL target not found
Refreshing native plugins compatible for Editor in 0.85 ms, found 6 plugins.
Preloading 1 native plugins for Editor in 0.09 ms.
Mono: successfully reloaded assembly
- Completed reload, in  1.721 seconds
Platform modules already initialized, skipping
Shader 'Oculus/OVRMRCameraFrameLit': fallback shader 'Alpha-Diffuse' not found
Refreshing native plugins compatible for Editor in 1.06 ms, found 6 plugins.
Preloading 1 native plugins for Editor in 0.10 ms.
Unloading 2210 Unused Serialized files (Serialized files now loaded: 0)
System memory in use before: 122.5 MB.
System memory in use after: 122.7 MB.

Unloading 41 unused Assets to reduce memory usage. Loaded Objects now: 2863.
Total: 3.200000 ms (FindLiveObjects: 0.324000 ms CreateObjectMapping: 0.101400 ms MarkObjects: 2.652200 ms  DeleteObjects: 0.121100 ms)

========================================================================
Received Prepare
Registering precompiled user dll's ...
Registered in 0.012034 seconds.
Begin MonoManager ReloadAssembly
Native extension for WindowsStandalone target not found
Native extension for WebGL target not found
Refreshing native plugins compatible for Editor in 0.83 ms, found 6 plugins.
Preloading 1 native plugins for Editor in 0.10 ms.
Mono: successfully reloaded assembly
- Completed reload, in  1.482 seconds
Platform modules already initialized, skipping
Shader 'Oculus/OVRMRCameraFrameLit': fallback shader 'Alpha-Diffuse' not found
Refreshing native plugins compatible for Editor in 0.94 ms, found 6 plugins.
Preloading 1 native plugins for Editor in 0.10 ms.
Unloading 2210 Unused Serialized files (Serialized files now loaded: 0)
System memory in use before: 122.6 MB.
System memory in use after: 122.8 MB.

Unloading 41 unused Assets to reduce memory usage. Loaded Objects now: 2867.
Total: 2.437500 ms (FindLiveObjects: 0.278700 ms CreateObjectMapping: 0.109700 ms MarkObjects: 1.947500 ms  DeleteObjects: 0.100200 ms)

========================================================================
Received Prepare
Registering precompiled user dll's ...
Registered in 0.011710 seconds.
Begin MonoManager ReloadAssembly
Native extension for WindowsStandalone target not found
Native extension for WebGL target not found
Refreshing native plugins compatible for Editor in 1.25 ms, found 6 plugins.
Preloading 1 native plugins for Editor in 0.15 ms.
Mono: successfully reloaded assembly
- Completed reload, in  1.491 seconds
Platform modules already initialized, skipping
Shader 'Oculus/OVRMRCameraFrameLit': fallback shader 'Alpha-Diffuse' not found
Refreshing native plugins compatible for Editor in 1.35 ms, found 6 plugins.
Preloading 1 native plugins for Editor in 0.12 ms.
Unloading 2210 Unused Serialized files (Serialized files now loaded: 0)
System memory in use before: 122.6 MB.
System memory in use after: 122.8 MB.

Unloading 41 unused Assets to reduce memory usage. Loaded Objects now: 2871.
Total: 4.069400 ms (FindLiveObjects: 0.250800 ms CreateObjectMapping: 0.099800 ms MarkObjects: 3.554900 ms  DeleteObjects: 0.161600 ms)

========================================================================
Received Prepare
Registering precompiled user dll's ...
Registered in 0.008159 seconds.
Begin MonoManager ReloadAssembly
Native extension for WindowsStandalone target not found
Native extension for WebGL target not found
Refreshing native plugins compatible for Editor in 0.82 ms, found 6 plugins.
Preloading 1 native plugins for Editor in 0.09 ms.
Mono: successfully reloaded assembly
- Completed reload, in  1.243 seconds
Platform modules already initialized, skipping
Shader 'Oculus/OVRMRCameraFrameLit': fallback shader 'Alpha-Diffuse' not found
Refreshing native plugins compatible for Editor in 0.87 ms, found 6 plugins.
Preloading 1 native plugins for Editor in 0.08 ms.
Unloading 2210 Unused Serialized files (Serialized files now loaded: 0)
System memory in use before: 122.6 MB.
System memory in use after: 122.8 MB.

Unloading 41 unused Assets to reduce memory usage. Loaded Objects now: 2875.
Total: 2.863500 ms (FindLiveObjects: 0.267900 ms CreateObjectMapping: 0.111300 ms MarkObjects: 2.352700 ms  DeleteObjects: 0.130200 ms)

========================================================================
Received Prepare
Registering precompiled user dll's ...
Registered in 0.013123 seconds.
Begin MonoManager ReloadAssembly
Native extension for WindowsStandalone target not found
Native extension for WebGL target not found
Refreshing native plugins compatible for Editor in 0.81 ms, found 6 plugins.
Preloading 1 native plugins for Editor in 0.08 ms.
Mono: successfully reloaded assembly
- Completed reload, in  1.132 seconds
Platform modules already initialized, skipping
Shader 'Oculus/OVRMRCameraFrameLit': fallback shader 'Alpha-Diffuse' not found
Refreshing native plugins compatible for Editor in 0.82 ms, found 6 plugins.
Preloading 1 native plugins for Editor in 0.07 ms.
Unloading 2210 Unused Serialized files (Serialized files now loaded: 0)
System memory in use before: 122.6 MB.
System memory in use after: 122.8 MB.

Unloading 41 unused Assets to reduce memory usage. Loaded Objects now: 2879.
Total: 2.357100 ms (FindLiveObjects: 0.281600 ms CreateObjectMapping: 0.121400 ms MarkObjects: 1.852800 ms  DeleteObjects: 0.100300 ms)

========================================================================
Received Prepare
Registering precompiled user dll's ...
Registered in 0.010535 seconds.
Begin MonoManager ReloadAssembly
Native extension for WindowsStandalone target not found
Native extension for WebGL target not found
Refreshing native plugins compatible for Editor in 0.84 ms, found 6 plugins.
Preloading 1 native plugins for Editor in 0.09 ms.
Mono: successfully reloaded assembly
- Completed reload, in  1.213 seconds
Platform modules already initialized, skipping
Shader 'Oculus/OVRMRCameraFrameLit': fallback shader 'Alpha-Diffuse' not found
Refreshing native plugins compatible for Editor in 0.81 ms, found 6 plugins.
Preloading 1 native plugins for Editor in 0.07 ms.
Unloading 2210 Unused Serialized files (Serialized files now loaded: 0)
System memory in use before: 122.6 MB.
System memory in use after: 122.7 MB.

Unloading 41 unused Assets to reduce memory usage. Loaded Objects now: 2883.
Total: 2.315800 ms (FindLiveObjects: 0.245200 ms CreateObjectMapping: 0.105200 ms MarkObjects: 1.871700 ms  DeleteObjects: 0.092800 ms)

========================================================================
Received Prepare
Registering precompiled user dll's ...
Registered in 0.009122 seconds.
Begin MonoManager ReloadAssembly
Native extension for WindowsStandalone target not found
Native extension for WebGL target not found
Refreshing native plugins compatible for Editor in 0.80 ms, found 6 plugins.
Preloading 1 native plugins for Editor in 0.08 ms.
Mono: successfully reloaded assembly
- Completed reload, in  1.122 seconds
Platform modules already initialized, skipping
Shader 'Oculus/OVRMRCameraFrameLit': fallback shader 'Alpha-Diffuse' not found
Refreshing native plugins compatible for Editor in 0.97 ms, found 6 plugins.
Preloading 1 native plugins for Editor in 0.13 ms.
Unloading 2210 Unused Serialized files (Serialized files now loaded: 0)
System memory in use before: 122.7 MB.
System memory in use after: 122.8 MB.

Unloading 41 unused Assets to reduce memory usage. Loaded Objects now: 2887.
Total: 2.579500 ms (FindLiveObjects: 0.273400 ms CreateObjectMapping: 0.112200 ms MarkObjects: 2.085200 ms  DeleteObjects: 0.107200 ms)

========================================================================
Received Prepare
Registering precompiled user dll's ...
Registered in 0.014340 seconds.
Begin MonoManager ReloadAssembly
Native extension for WindowsStandalone target not found
Native extension for WebGL target not found
Refreshing native plugins compatible for Editor in 0.80 ms, found 6 plugins.
Preloading 1 native plugins for Editor in 0.08 ms.
Mono: successfully reloaded assembly
- Completed reload, in  1.088 seconds
Platform modules already initialized, skipping
Shader 'Oculus/OVRMRCameraFrameLit': fallback shader 'Alpha-Diffuse' not found
Refreshing native plugins compatible for Editor in 0.80 ms, found 6 plugins.
Preloading 1 native plugins for Editor in 0.07 ms.
Unloading 2210 Unused Serialized files (Serialized files now loaded: 0)
System memory in use before: 122.7 MB.
System memory in use after: 122.8 MB.

Unloading 41 unused Assets to reduce memory usage. Loaded Objects now: 2891.
Total: 2.315000 ms (FindLiveObjects: 0.278600 ms CreateObjectMapping: 0.114400 ms MarkObjects: 1.824400 ms  DeleteObjects: 0.096800 ms)

========================================================================
Received Prepare
Registering precompiled user dll's ...
Registered in 0.008616 seconds.
Begin MonoManager ReloadAssembly
Native extension for WindowsStandalone target not found
Native extension for WebGL target not found
Refreshing native plugins compatible for Editor in 0.82 ms, found 6 plugins.
Preloading 1 native plugins for Editor in 0.08 ms.
Mono: successfully reloaded assembly
- Completed reload, in  1.173 seconds
Platform modules already initialized, skipping
Shader 'Oculus/OVRMRCameraFrameLit': fallback shader 'Alpha-Diffuse' not found
Refreshing native plugins compatible for Editor in 0.95 ms, found 6 plugins.
Preloading 1 native plugins for Editor in 0.07 ms.
Unloading 2210 Unused Serialized files (Serialized files now loaded: 0)
System memory in use before: 122.7 MB.
System memory in use after: 122.9 MB.

Unloading 41 unused Assets to reduce memory usage. Loaded Objects now: 2895.
Total: 2.343700 ms (FindLiveObjects: 0.252600 ms CreateObjectMapping: 0.106900 ms MarkObjects: 1.884400 ms  DeleteObjects: 0.098600 ms)

========================================================================
Received Prepare
Registering precompiled user dll's ...
Registered in 0.012234 seconds.
Begin MonoManager ReloadAssembly
Native extension for WindowsStandalone target not found
Native extension for WebGL target not found
Refreshing native plugins compatible for Editor in 0.81 ms, found 6 plugins.
Preloading 1 native plugins for Editor in 0.08 ms.
Mono: successfully reloaded assembly
- Completed reload, in  1.197 seconds
Platform modules already initialized, skipping
Shader 'Oculus/OVRMRCameraFrameLit': fallback shader 'Alpha-Diffuse' not found
Refreshing native plugins compatible for Editor in 1.10 ms, found 6 plugins.
Preloading 1 native plugins for Editor in 0.07 ms.
Unloading 2210 Unused Serialized files (Serialized files now loaded: 0)
System memory in use before: 122.7 MB.
System memory in use after: 122.9 MB.

Unloading 41 unused Assets to reduce memory usage. Loaded Objects now: 2899.
Total: 2.361900 ms (FindLiveObjects: 0.262800 ms CreateObjectMapping: 0.111800 ms MarkObjects: 1.888700 ms  DeleteObjects: 0.097600 ms)

========================================================================
Received Prepare
Registering precompiled user dll's ...
Registered in 0.009616 seconds.
Begin MonoManager ReloadAssembly
Native extension for WindowsStandalone target not found
Native extension for WebGL target not found
Refreshing native plugins compatible for Editor in 0.93 ms, found 6 plugins.
Preloading 1 native plugins for Editor in 0.10 ms.
Mono: successfully reloaded assembly
- Completed reload, in  1.195 seconds
Platform modules already initialized, skipping
Shader 'Oculus/OVRMRCameraFrameLit': fallback shader 'Alpha-Diffuse' not found
Refreshing native plugins compatible for Editor in 0.80 ms, found 6 plugins.
Preloading 1 native plugins for Editor in 0.07 ms.
Unloading 2210 Unused Serialized files (Serialized files now loaded: 0)
System memory in use before: 122.6 MB.
System memory in use after: 122.8 MB.

Unloading 41 unused Assets to reduce memory usage. Loaded Objects now: 2903.
Total: 2.313200 ms (FindLiveObjects: 0.260500 ms CreateObjectMapping: 0.120600 ms MarkObjects: 1.820900 ms  DeleteObjects: 0.110100 ms)

========================================================================
Received Prepare
Registering precompiled user dll's ...
Registered in 0.009632 seconds.
Begin MonoManager ReloadAssembly
Native extension for WindowsStandalone target not found
Native extension for WebGL target not found
Refreshing native plugins compatible for Editor in 0.88 ms, found 6 plugins.
Preloading 1 native plugins for Editor in 0.14 ms.
Mono: successfully reloaded assembly
- Completed reload, in  2.006 seconds
Platform modules already initialized, skipping
Shader 'Oculus/OVRMRCameraFrameLit': fallback shader 'Alpha-Diffuse' not found
Refreshing native plugins compatible for Editor in 0.83 ms, found 6 plugins.
Preloading 1 native plugins for Editor in 0.07 ms.
Unloading 2210 Unused Serialized files (Serialized files now loaded: 0)
System memory in use before: 122.7 MB.
System memory in use after: 122.9 MB.

Unloading 41 unused Assets to reduce memory usage. Loaded Objects now: 2907.
Total: 2.532600 ms (FindLiveObjects: 0.326100 ms CreateObjectMapping: 0.131700 ms MarkObjects: 1.968300 ms  DeleteObjects: 0.105100 ms)

========================================================================
Received Prepare
Registering precompiled user dll's ...
Registered in 0.008786 seconds.
Begin MonoManager ReloadAssembly
Native extension for WindowsStandalone target not found
Native extension for WebGL target not found
Refreshing native plugins compatible for Editor in 1.04 ms, found 6 plugins.
Preloading 1 native plugins for Editor in 0.12 ms.
Mono: successfully reloaded assembly
- Completed reload, in  1.324 seconds
Platform modules already initialized, skipping
Shader 'Oculus/OVRMRCameraFrameLit': fallback shader 'Alpha-Diffuse' not found
Refreshing native plugins compatible for Editor in 0.90 ms, found 6 plugins.
Preloading 1 native plugins for Editor in 0.07 ms.
Unloading 2210 Unused Serialized files (Serialized files now loaded: 0)
System memory in use before: 122.7 MB.
System memory in use after: 122.9 MB.

Unloading 41 unused Assets to reduce memory usage. Loaded Objects now: 2911.
Total: 2.508400 ms (FindLiveObjects: 0.258000 ms CreateObjectMapping: 0.105700 ms MarkObjects: 2.048400 ms  DeleteObjects: 0.095200 ms)

========================================================================
Received Prepare
Registering precompiled user dll's ...
Registered in 0.009487 seconds.
Begin MonoManager ReloadAssembly
Native extension for WindowsStandalone target not found
Native extension for WebGL target not found
Refreshing native plugins compatible for Editor in 0.83 ms, found 6 plugins.
Preloading 1 native plugins for Editor in 0.09 ms.
Mono: successfully reloaded assembly
- Completed reload, in  1.180 seconds
Platform modules already initialized, skipping
Shader 'Oculus/OVRMRCameraFrameLit': fallback shader 'Alpha-Diffuse' not found
Refreshing native plugins compatible for Editor in 0.87 ms, found 6 plugins.
Preloading 1 native plugins for Editor in 0.07 ms.
Unloading 2210 Unused Serialized files (Serialized files now loaded: 0)
System memory in use before: 122.7 MB.
System memory in use after: 122.9 MB.

Unloading 41 unused Assets to reduce memory usage. Loaded Objects now: 2915.
Total: 2.475500 ms (FindLiveObjects: 0.265800 ms CreateObjectMapping: 0.115100 ms MarkObjects: 1.991600 ms  DeleteObjects: 0.102100 ms)

========================================================================
Received Prepare
Registering precompiled user dll's ...
Registered in 0.008179 seconds.
Begin MonoManager ReloadAssembly
Native extension for WindowsStandalone target not found
Native extension for WebGL target not found
Refreshing native plugins compatible for Editor in 0.88 ms, found 6 plugins.
Preloading 1 native plugins for Editor in 0.09 ms.
Mono: successfully reloaded assembly
- Completed reload, in  1.307 seconds
Platform modules already initialized, skipping
Shader 'Oculus/OVRMRCameraFrameLit': fallback shader 'Alpha-Diffuse' not found
Refreshing native plugins compatible for Editor in 0.86 ms, found 6 plugins.
Preloading 1 native plugins for Editor in 0.07 ms.
Unloading 2210 Unused Serialized files (Serialized files now loaded: 0)
System memory in use before: 122.7 MB.
System memory in use after: 122.9 MB.

Unloading 41 unused Assets to reduce memory usage. Loaded Objects now: 2919.
Total: 2.656600 ms (FindLiveObjects: 0.315200 ms CreateObjectMapping: 0.145900 ms MarkObjects: 2.090200 ms  DeleteObjects: 0.104300 ms)

========================================================================
Received Prepare
Registering precompiled user dll's ...
Registered in 0.012245 seconds.
Begin MonoManager ReloadAssembly
Native extension for WindowsStandalone target not found
Native extension for WebGL target not found
Refreshing native plugins compatible for Editor in 0.87 ms, found 6 plugins.
Preloading 1 native plugins for Editor in 0.08 ms.
Mono: successfully reloaded assembly
- Completed reload, in  1.474 seconds
Platform modules already initialized, skipping
Shader 'Oculus/OVRMRCameraFrameLit': fallback shader 'Alpha-Diffuse' not found
Refreshing native plugins compatible for Editor in 0.87 ms, found 6 plugins.
Preloading 1 native plugins for Editor in 0.12 ms.
Unloading 2210 Unused Serialized files (Serialized files now loaded: 0)
System memory in use before: 122.6 MB.
System memory in use after: 122.8 MB.

Unloading 41 unused Assets to reduce memory usage. Loaded Objects now: 2923.
Total: 3.005900 ms (FindLiveObjects: 0.381500 ms CreateObjectMapping: 0.163300 ms MarkObjects: 2.293400 ms  DeleteObjects: 0.166600 ms)

========================================================================
Received Prepare
Registering precompiled user dll's ...
Registered in 0.008493 seconds.
Begin MonoManager ReloadAssembly
Native extension for WindowsStandalone target not found
Native extension for WebGL target not found
Refreshing native plugins compatible for Editor in 0.89 ms, found 6 plugins.
Preloading 1 native plugins for Editor in 0.09 ms.
Mono: successfully reloaded assembly
- Completed reload, in  1.243 seconds
Platform modules already initialized, skipping
Shader 'Oculus/OVRMRCameraFrameLit': fallback shader 'Alpha-Diffuse' not found
Refreshing native plugins compatible for Editor in 0.80 ms, found 6 plugins.
Preloading 1 native plugins for Editor in 0.07 ms.
Unloading 2210 Unused Serialized files (Serialized files now loaded: 0)
System memory in use before: 122.7 MB.
System memory in use after: 122.9 MB.

Unloading 41 unused Assets to reduce memory usage. Loaded Objects now: 2927.
Total: 2.565000 ms (FindLiveObjects: 0.292800 ms CreateObjectMapping: 0.131700 ms MarkObjects: 2.039100 ms  DeleteObjects: 0.100000 ms)

========================================================================
Received Prepare
Registering precompiled user dll's ...
Registered in 0.009443 seconds.
Begin MonoManager ReloadAssembly
Native extension for WindowsStandalone target not found
Native extension for WebGL target not found
Refreshing native plugins compatible for Editor in 0.92 ms, found 6 plugins.
Preloading 1 native plugins for Editor in 0.11 ms.
Mono: successfully reloaded assembly
- Completed reload, in  1.163 seconds
Platform modules already initialized, skipping
Shader 'Oculus/OVRMRCameraFrameLit': fallback shader 'Alpha-Diffuse' not found
Refreshing native plugins compatible for Editor in 0.79 ms, found 6 plugins.
Preloading 1 native plugins for Editor in 0.08 ms.
Unloading 2210 Unused Serialized files (Serialized files now loaded: 0)
System memory in use before: 122.7 MB.
System memory in use after: 122.9 MB.

Unloading 41 unused Assets to reduce memory usage. Loaded Objects now: 2931.
Total: 2.381400 ms (FindLiveObjects: 0.262900 ms CreateObjectMapping: 0.106800 ms MarkObjects: 1.912300 ms  DeleteObjects: 0.098400 ms)

========================================================================
Received Prepare
Registering precompiled user dll's ...
Registered in 0.010875 seconds.
Begin MonoManager ReloadAssembly
Native extension for WindowsStandalone target not found
Native extension for WebGL target not found
Refreshing native plugins compatible for Editor in 0.80 ms, found 6 plugins.
Preloading 1 native plugins for Editor in 0.11 ms.
Mono: successfully reloaded assembly
- Completed reload, in  1.202 seconds
Platform modules already initialized, skipping
Shader 'Oculus/OVRMRCameraFrameLit': fallback shader 'Alpha-Diffuse' not found
Refreshing native plugins compatible for Editor in 0.82 ms, found 6 plugins.
Preloading 1 native plugins for Editor in 0.07 ms.
Unloading 2210 Unused Serialized files (Serialized files now loaded: 0)
System memory in use before: 122.7 MB.
System memory in use after: 122.9 MB.

Unloading 41 unused Assets to reduce memory usage. Loaded Objects now: 2935.
Total: 2.443200 ms (FindLiveObjects: 0.264400 ms CreateObjectMapping: 0.123900 ms MarkObjects: 1.951400 ms  DeleteObjects: 0.102700 ms)

========================================================================
Received Prepare
Registering precompiled user dll's ...
Registered in 0.008490 seconds.
Begin MonoManager ReloadAssembly
Native extension for WindowsStandalone target not found
Native extension for WebGL target not found
Refreshing native plugins compatible for Editor in 0.81 ms, found 6 plugins.
Preloading 1 native plugins for Editor in 0.08 ms.
Mono: successfully reloaded assembly
- Completed reload, in  1.233 seconds
Platform modules already initialized, skipping
Shader 'Oculus/OVRMRCameraFrameLit': fallback shader 'Alpha-Diffuse' not found
Refreshing native plugins compatible for Editor in 1.35 ms, found 6 plugins.
Preloading 1 native plugins for Editor in 0.09 ms.
Unloading 2210 Unused Serialized files (Serialized files now loaded: 0)
System memory in use before: 122.7 MB.
System memory in use after: 122.9 MB.

Unloading 41 unused Assets to reduce memory usage. Loaded Objects now: 2939.
Total: 2.498900 ms (FindLiveObjects: 0.306200 ms CreateObjectMapping: 0.122000 ms MarkObjects: 1.971600 ms  DeleteObjects: 0.098100 ms)

========================================================================
Received Prepare
Registering precompiled user dll's ...
Registered in 0.008343 seconds.
Begin MonoManager ReloadAssembly
Native extension for WindowsStandalone target not found
Native extension for WebGL target not found
Refreshing native plugins compatible for Editor in 0.84 ms, found 6 plugins.
Preloading 1 native plugins for Editor in 0.08 ms.
Mono: successfully reloaded assembly
- Completed reload, in  1.233 seconds
Platform modules already initialized, skipping
Shader 'Oculus/OVRMRCameraFrameLit': fallback shader 'Alpha-Diffuse' not found
Refreshing native plugins compatible for Editor in 0.86 ms, found 6 plugins.
Preloading 1 native plugins for Editor in 0.08 ms.
Unloading 2210 Unused Serialized files (Serialized files now loaded: 0)
System memory in use before: 122.7 MB.
System memory in use after: 122.8 MB.

Unloading 41 unused Assets to reduce memory usage. Loaded Objects now: 2943.
Total: 2.434800 ms (FindLiveObjects: 0.280300 ms CreateObjectMapping: 0.119100 ms MarkObjects: 1.938700 ms  DeleteObjects: 0.095700 ms)

========================================================================
Received Import Request.
  Time since last request: 4992.188262 seconds.
  path: Assets/script/play_sound.cs
  artifactKey: Guid(13595689a7e6d4445880557aae89f202) Importer(815301076,1909f56bfc062723c751e8b465ee728b)
Start importing Assets/script/play_sound.cs using Guid(13595689a7e6d4445880557aae89f202) Importer(815301076,1909f56bfc062723c751e8b465ee728b)  -> (artifact id: '0b3f9f6f733120043a48b45734cf4bb4') in 0.014286 seconds
  Import took 0.019010 seconds .

========================================================================
Received Import Request.
  Time since last request: 0.186598 seconds.
  path: Assets/Oculus/Spatializer/Plugins/x86_64/AudioPluginOculusSpatializer.dll
  artifactKey: Guid(1399a1e4b1456e54f8cedb0885abe5a5) Importer(815301076,1909f56bfc062723c751e8b465ee728b)
Start importing Assets/Oculus/Spatializer/Plugins/x86_64/AudioPluginOculusSpatializer.dll using Guid(1399a1e4b1456e54f8cedb0885abe5a5) Importer(815301076,1909f56bfc062723c751e8b465ee728b)  -> (artifact id: '7e4c217e69cd6c956e61136bdc659578') in 0.010085 seconds
  Import took 0.013675 seconds .

========================================================================
Received Import Request.
  Time since last request: 9.132775 seconds.
  path: Assets/Oculus/Spatializer/Plugins/x86_64/AudioPluginOculusSpatializer.dll.old0
  artifactKey: Guid(35e793a0b3c9ad046998032a03008a5f) Importer(815301076,1909f56bfc062723c751e8b465ee728b)
Start importing Assets/Oculus/Spatializer/Plugins/x86_64/AudioPluginOculusSpatializer.dll.old0 using Guid(35e793a0b3c9ad046998032a03008a5f) Importer(815301076,1909f56bfc062723c751e8b465ee728b)  -> (artifact id: '99e4d899c264323bc2c49b100fa724e1') in 0.045361 seconds
  Import took 0.049373 seconds .

========================================================================
Received Import Request.
  Time since last request: 0.593273 seconds.
  path: Assets/DreamForestTree/TerrainData/DemoTerrain.asset
  artifactKey: Guid(d486a6d8040efc6458c17817e8b77dc1) Importer(815301076,1909f56bfc062723c751e8b465ee728b)
Start importing Assets/DreamForestTree/TerrainData/DemoTerrain.asset using Guid(d486a6d8040efc6458c17817e8b77dc1) Importer(815301076,1909f56bfc062723c751e8b465ee728b)  -> (artifact id: '6c75fa7ad33337c6acb67fee832a0cf4') in 0.141413 seconds
  Import took 0.148912 seconds .

========================================================================
Received Import Request.
  Time since last request: 0.586111 seconds.
  path: Assets/script/event_control.cs
  artifactKey: Guid(b59de7bfc4257f740abea9e94bea9038) Importer(815301076,1909f56bfc062723c751e8b465ee728b)
Start importing Assets/script/event_control.cs using Guid(b59de7bfc4257f740abea9e94bea9038) Importer(815301076,1909f56bfc062723c751e8b465ee728b)  -> (artifact id: '8fd23d71a06cc431218b2c9eb8747776') in 0.005655 seconds
  Import took 0.009488 seconds .

========================================================================
Received Import Request.
  Time since last request: 1.626009 seconds.
  path: Assets/script/move_box.cs
  artifactKey: Guid(64ac62482fe1fc14baa218c04e729533) Importer(815301076,1909f56bfc062723c751e8b465ee728b)
Start importing Assets/script/move_box.cs using Guid(64ac62482fe1fc14baa218c04e729533) Importer(815301076,1909f56bfc062723c751e8b465ee728b)  -> (artifact id: '8cb8f78b0ef228748accc4ef02a6c7f9') in 0.005678 seconds
  Import took 0.010205 seconds .

========================================================================
Received Import Request.
  Time since last request: 0.028844 seconds.
  path: Assets/script/sight_reset.cs
  artifactKey: Guid(1e599036f00b71e42949f5d537288ee6) Importer(815301076,1909f56bfc062723c751e8b465ee728b)
Start importing Assets/script/sight_reset.cs using Guid(1e599036f00b71e42949f5d537288ee6) Importer(815301076,1909f56bfc062723c751e8b465ee728b)  -> (artifact id: 'b3902261a7192d1ebd1ebf5b9dda88d7') in 0.005261 seconds
  Import took 0.009069 seconds .

========================================================================
Received Import Request.
  Time since last request: 2.348133 seconds.
  path: Assets/Oculus/Spatializer/Plugins/x86/AudioPluginOculusSpatializer.dll.old0
  artifactKey: Guid(970eef79a78f498408748d8e7463ad06) Importer(815301076,1909f56bfc062723c751e8b465ee728b)
Start importing Assets/Oculus/Spatializer/Plugins/x86/AudioPluginOculusSpatializer.dll.old0 using Guid(970eef79a78f498408748d8e7463ad06) Importer(815301076,1909f56bfc062723c751e8b465ee728b)  -> (artifact id: '36ed2a32e1779bc0f3ac688978efeed4') in 0.005494 seconds
  Import took 0.009195 seconds .

========================================================================
Received Import Request.
  Time since last request: 0.178808 seconds.
  path: Assets/Oculus/Spatializer/Plugins/x86/AudioPluginOculusSpatializer.dll
  artifactKey: Guid(97101c71e9c4d1c469d56620d0b7e5cf) Importer(815301076,1909f56bfc062723c751e8b465ee728b)
Start importing Assets/Oculus/Spatializer/Plugins/x86/AudioPluginOculusSpatializer.dll using Guid(97101c71e9c4d1c469d56620d0b7e5cf) Importer(815301076,1909f56bfc062723c751e8b465ee728b)  -> (artifact id: '9e65073a7de14f86acbbdd84a387295f') in 0.005610 seconds
  Import took 0.010274 seconds .

========================================================================
Received Import Request.
  Time since last request: 8.893212 seconds.
  path: Assets/script/debug_move.cs
  artifactKey: Guid(f4dd41ce9d8573d4fb935e9ac94738de) Importer(815301076,1909f56bfc062723c751e8b465ee728b)
Start importing Assets/script/debug_move.cs using Guid(f4dd41ce9d8573d4fb935e9ac94738de) Importer(815301076,1909f56bfc062723c751e8b465ee728b)  -> (artifact id: '424afabf8881a52ddf467d08611c2782') in 0.005527 seconds
  Import took 0.009407 seconds .

========================================================================
Received Import Request.
  Time since last request: 4.380296 seconds.
  path: Assets/script/calc_speed.cs
  artifactKey: Guid(5431243196bac724a8e1580b5eddc726) Importer(815301076,1909f56bfc062723c751e8b465ee728b)
Start importing Assets/script/calc_speed.cs using Guid(5431243196bac724a8e1580b5eddc726) Importer(815301076,1909f56bfc062723c751e8b465ee728b)  -> (artifact id: 'fb264a6ca840c2f550138ba9b549694d') in 0.005484 seconds
  Import took 0.009834 seconds .

========================================================================
Received Import Request.
  Time since last request: 1.658428 seconds.
  path: Assets/Scenes/ex_wood.unity
  artifactKey: Guid(3b17449398625cc45a119b893a803350) Importer(815301076,1909f56bfc062723c751e8b465ee728b)
Start importing Assets/Scenes/ex_wood.unity using Guid(3b17449398625cc45a119b893a803350) Importer(815301076,1909f56bfc062723c751e8b465ee728b)  -> (artifact id: 'cc5027ba871533b5b3eb057778503a10') in 0.016842 seconds
  Import took 0.030009 seconds .

========================================================================
Received Import Request.
  Time since last request: 0.169202 seconds.
  path: Assets/script/data_util.cs
  artifactKey: Guid(8a675829571ca38438f92078cb0cced5) Importer(815301076,1909f56bfc062723c751e8b465ee728b)
Start importing Assets/script/data_util.cs using Guid(8a675829571ca38438f92078cb0cced5) Importer(815301076,1909f56bfc062723c751e8b465ee728b)  -> (artifact id: 'a121157f81c13aa079f291dad359174b') in 0.005671 seconds
  Import took 0.010176 seconds .

AssetImportWorkerClient::OnTransportError - code=2 error=End of file
